<?xml version="1.0" encoding="UTF-8"?>
<testng-results skipped="0" failed="0" total="3" passed="3">
  <reporter-output>
  </reporter-output>
  <suite name="Default suite" duration-ms="41" started-at="2015-09-11T14:14:37Z" finished-at="2015-09-11T14:14:37Z">
    <groups>
    </groups>
    <test name="Default test" duration-ms="41" started-at="2015-09-11T14:14:37Z" finished-at="2015-09-11T14:14:37Z">
      <class name="test.NeuralNetworkTest">
        <test-method status="PASS" signature="testANN1()[pri:0, instance:test.NeuralNetworkTest@3ecf72fd]" name="testANN1" duration-ms="30" started-at="2015-09-11T16:14:37Z" finished-at="2015-09-11T16:14:37Z">
          <reporter-output>
          </reporter-output>
        </test-method> <!-- testANN1 -->
        <test-method status="PASS" signature="testANN2()[pri:0, instance:test.NeuralNetworkTest@3ecf72fd]" name="testANN2" duration-ms="0" started-at="2015-09-11T16:14:37Z" finished-at="2015-09-11T16:14:37Z">
          <reporter-output>
          </reporter-output>
        </test-method> <!-- testANN2 -->
        <test-method status="PASS" signature="testANN3()[pri:0, instance:test.NeuralNetworkTest@3ecf72fd]" name="testANN3" duration-ms="0" started-at="2015-09-11T16:14:37Z" finished-at="2015-09-11T16:14:37Z">
          <reporter-output>
          </reporter-output>
        </test-method> <!-- testANN3 -->
      </class> <!-- test.NeuralNetworkTest -->
    </test> <!-- Default test -->
  </suite> <!-- Default suite -->
</testng-results>
