<?xml version="1.0" encoding="UTF-8"?>
<!-- Generated by org.testng.reporters.JUnitXMLReporter -->
<testsuite hostname="AndreasechtsMBP" name="Default test" tests="3" failures="0" timestamp="6 Oct 2015 06:45:41 GMT" time="0.051" errors="0">
  <testcase name="testANN1" time="0.035" classname="test.NeuralNetworkTest"/>
  <testcase name="testANN2" time="0.001" classname="test.NeuralNetworkTest"/>
  <testcase name="testANN3" time="0.001" classname="test.NeuralNetworkTest"/>
</testsuite> <!-- Default test -->
