<?xml version="1.0" encoding="UTF-8"?>
<!-- Generated by org.testng.reporters.JUnitXMLReporter -->
<testsuite hostname="AndreasechtsMBP" name="Default test" tests="3" failures="0" timestamp="11 Sep 2015 14:14:37 GMT" time="0.041" errors="0">
  <testcase name="testANN1" time="0.03" classname="test.NeuralNetworkTest"/>
  <testcase name="testANN2" time="0.0" classname="test.NeuralNetworkTest"/>
  <testcase name="testANN3" time="0.0" classname="test.NeuralNetworkTest"/>
</testsuite> <!-- Default test -->
